<?xml version="1.0" encoding="UTF-8"?>
<!-- Generated by org.testng.reporters.JUnitReportReporter -->
<testsuite hostname="TEJAS" failures="0" tests="1" name="demoTest.Guru99" time="32.680" errors="0" timestamp="2021-05-19T16:14:17 IST" skipped="0">
  <testcase classname="demoTest.Guru99" name="LaunchYahoo" time="32.680"/>
  <system-out/>
</testsuite> <!-- demoTest.Guru99 -->
