<?xml version="1.0" encoding="UTF-8"?>
<!-- Generated by org.testng.reporters.JUnitReportReporter -->
<testsuite hostname="TEJAS" failures="0" tests="1" name="demoTest.Wikipedia" time="18.808" errors="0" timestamp="2021-05-19T16:14:17 IST" skipped="0">
  <testcase classname="demoTest.Wikipedia" name="LaunchYahoo" time="18.808"/>
  <system-out/>
</testsuite> <!-- demoTest.Wikipedia -->
