<?xml version="1.0" encoding="UTF-8"?>
<!-- Generated by org.testng.reporters.JUnitReportReporter -->
<testsuite hostname="TEJAS" failures="0" tests="1" name="demoTest.Wikipedia" time="65.194" errors="0" timestamp="2020-09-26T16:29:53 IST" skipped="0">
  <testcase classname="demoTest.Wikipedia" name="LaunchYahoo" time="65.194"/>
  <system-out/>
</testsuite> <!-- demoTest.Wikipedia -->
